C51 COMPILER V9.01   IRD_REMOTE                                                            03/26/2019 10:13:38 PAGE 1   


C51 COMPILER V9.01, COMPILATION OF MODULE IRD_REMOTE
OBJECT MODULE PLACED IN ..\User\obj\ird_remote.obj
COMPILER INVOKED BY: C:\Keil\C51\BIN\C51.EXE ..\User\src\ird_remote.c LARGE BROWSE INCDIR(..\FwLib\Include;..\User\inc) 
                    -DEFINE(FOSC_160000) DEBUG OBJECTEXTEND PRINT(.\ird_remote.lst) OBJECT(..\User\obj\ird_remote.obj)

line level    source

   1          
   2          
   3           #include "N76E003.h"
   4           #include "SFR_Macro.h"
   5           #include "Function_define.h"
   6           #include "Common.h"
   7           #include "stdio.h"
   8           #include "string.h"
   9          
  10          
  11          #include "userdefine.h"
  12          
  13          
  14          
  15          
  16          
  17          
  18          
  19          
  20          //参数设置
  21          
  22          float light_pv=6.0;                             //光控电压   设定范围:1--12V
  23          
  24          float load_cc_I=1.0;                            //LED灯工作电流  负载设定值:42W  1.2A
  25          
  26          
  27          unsigned int  step_01_time_limit=5;             //输出时长 5 h
  28          
  29          unsigned int  step_02_time_limit=5;             //输出时长 5 h
  30          
  31          unsigned int  step_03_time_limit=5;             //输出时长 5 h
  32          
  33          unsigned int  step_04_time_limit=5;             //输出时长 5 h
  34          
  35          unsigned int  step_05_time_limit=5;             //输出时长 5 h
  36          
  37          unsigned int light_time= 0x00;                  //光控时间 (单位：min)
  38          
  39          
  40          float bt_volt_100 = 12.30;                      //100%电量时
  41          
  42          float bt_volt_80  = 11.64;                      //80%电量
  43          
  44          float bt_volt_60  = 10.98;                      //60%电量
  45          
  46          float bt_volt_40  = 10.32;                      //40%电量
  47          
  48          float bt_volt_20  = 9.66;                       //20%电量
  49          
  50          float bt_volt_00  = 9.00;                       //0%电量
  51          
  52          
  53          
  54          float dianchi_guoya_baohu=12.30;        //100%  电池过压保护点
C51 COMPILER V9.01   IRD_REMOTE                                                            03/26/2019 10:13:38 PAGE 2   

  55          
  56          float dianchi_guoya_huifu=12.15;        //95%   电池过压恢复点
  57          
  58          float dianchi_qianya_baohu=9.00;        //0%    电池欠压保护点
  59          
  60          float dianchi_qianya_huifu=9.50;        //15%   电池欠压恢复点
  61          
  62          float dianchi_cv_level=12.15;           // 进入恒压充电方式
  63          
  64          float charge_i_limit=5.00;              //充电电流限定值5A
  65          
  66          float shuchu_shortout_voltage=7.5;      //输出短路电压
  67          
  68          float shuchu_open_voltage=63.00;        //输出开路电压
  69          
  70          float discharge_i_baohu=4.50;           //放电电流保护点  过流保护  4.50A
  71          
  72          float discharge_i_limit=4.00;           //放电电流限定值 4.00A
  73          
  74          float light_on_pv_level=6.00;           //亮灯光伏电压门限值 默认6V
  75          
  76          float light_off_pv_level=8.00;          //关灯光伏电压门限值 默认8V
  77          
  78          
  79          float charge_r_value=15.0;              //充电电流采样电阻  毫欧
  80          
  81          float discharge_r_value=150.0;          //放电电流采样电阻  毫欧
  82          
  83          float Load_Pmax=42.00;                  //输出最大功率
  84          
  85          
  86          //--------------------------------红外遥控器数据接收
  87          unsigned int   ird_status=0x00;
  88          
  89          unsigned int   receive_bit_count=0x00;
  90          
  91          unsigned int   ird_receive_flag=0x00;
  92          
  93          unsigned int   ird_receive_time_count=0x00;
  94          
  95          unsigned long   ird_data=0x00;//0x10ED40BF;
  96          
  97          unsigned char   light_mode=0x00;
  98          
  99          unsigned char   lr_cnt =0x00;
 100          
 101          unsigned char   led_out_ctrl=0x00;
 102          
 103          //---------------------------------EEPROM系统参数
 104          
 105          volatile unsigned char xdata page_buffer[128];
 106          
 107          
 108          UINT8 Read_APROM_BYTE(UINT16 code *u16_addr)
 109          {
 110   1              UINT8 rdata;
 111   1              rdata = *u16_addr>>8;
 112   1              return rdata;
 113   1      }
 114          
 115          /*********************************************************************************************************
             -********
C51 COMPILER V9.01   IRD_REMOTE                                                            03/26/2019 10:13:38 PAGE 3   

 116          write_DATAFLASH_BYTE :
 117          user can copy all this subroutine into project, then call this function in main.
 118          **********************************************************************************************************
             -********/                
 119          void Write_DATAFLASH_BYTE(unsigned int u16EPAddr,unsigned char u8EPData)
 120          {
 121   1              unsigned char looptmp=0;
 122   1              unsigned int u16_addrl_r;
 123   1              unsigned int RAMtmp;
 124   1              
 125   1      //Check page start address
 126   1              u16_addrl_r=(u16EPAddr/128)*128;
 127   1      //Save APROM data to XRAM0
 128   1              for(looptmp=0;looptmp<0x80;looptmp++)
 129   1              {
 130   2                      RAMtmp = Read_APROM_BYTE((unsigned int code *)(u16_addrl_r+looptmp));
 131   2                      page_buffer[looptmp]=RAMtmp;
 132   2              }
 133   1      // Modify customer data in XRAM
 134   1                      page_buffer[u16EPAddr&0x7f] = u8EPData;
 135   1              
 136   1      //Erase APROM DATAFLASH page
 137   1                      IAPAL = u16_addrl_r&0xff;
 138   1                      IAPAH = (u16_addrl_r>>8)&0xff;
 139   1                      IAPFD = 0xFF;
 140   1                set_IAPEN; 
 141   1                      set_APUEN;
 142   1          IAPCN = 0x22;               
 143   1                      set_IAPGO; 
 144   1                      
 145   1      //Save changed RAM data to APROM DATAFLASH
 146   1                      set_IAPEN; 
 147   1                      set_APUEN;
 148   1                IAPCN = 0x21;
 149   1                      for(looptmp=0;looptmp<0x80;looptmp++)
 150   1                      {
 151   2                              IAPAL = (u16_addrl_r&0xff)+looptmp;
 152   2            IAPAH = (u16_addrl_r>>8)&0xff;
 153   2                              IAPFD = page_buffer[looptmp];
 154   2                              set_IAPGO;                      
 155   2                      }
 156   1                      clr_APUEN;
 157   1                      clr_IAPEN;
 158   1      }       
 159          
 160          /**********************************************************************
 161          *函数名称：read_param_eeprom
 162          *描述：获取系统参数
 163          *返回类型：void
 164          *输入形参：void
 165          ***********************************************************************/
 166          void read_param_eeprom(void)
 167          {
 168   1          unsigned char byte_l;
 169   1      
 170   1      /*      APROM 0x3800~0x38FF demo as dataflash                                                                   */
 171   1      /*      Please use Memory window key in C:0x3800 to check earse result                                  */        
 172   1          
 173   1          byte_l = Read_APROM_BYTE(0x4000); 
 174   1      
 175   1              if(byte_l!=0x55) //程序初始下载标志
 176   1              {
C51 COMPILER V9.01   IRD_REMOTE                                                            03/26/2019 10:13:38 PAGE 4   

 177   2                      Write_DATAFLASH_BYTE(0x4000,0x55);
 178   2      
 179   2                      Write_DATAFLASH_BYTE(0x4001,0x00);       //亮灯模式 0：常亮  1：感应  2:智能模式   默认常亮模式
 180   2      
 181   2                      Write_DATAFLASH_BYTE(0x4002,0x00);  //开灯状态 0：开灯  1：关灯  默认开灯状态
 182   2              }
 183   1            
 184   1          byte_l=Read_APROM_BYTE(0x4001);             //亮灯模式
 185   1                                                                      
 186   1          light_mode=byte_l;                                  //默认值：0x00:常亮模式  0x01:感应模式   0x02:智能模式   
 187   1              
 188   1          byte_l=Read_APROM_BYTE(0x4002);             //开灯状态     
 189   1                                                                      
 190   1          led_out_ctrl=byte_l;                                        //0：开灯  1：关灯
 191   1              
 192   1          light_time_level = 1200;                    //光控检测时间  1200*5ms=6000ms=6s
 193   1          
 194   1          
 195   1              
 196   1              //9--12.3V  磷酸铁锂电池         5V---4096   1V---819.2
 197   1              
 198   1              bt_volt_100 = (12.35/31.04)*819.2;                      //100%电量时   819.2=4096/5V
 199   1      
 200   1              bt_volt_80  = (11.80/31.04)*819.2;                      //80%电量
 201   1                      
 202   1              bt_volt_60  = (11.30/31.04)*819.2;                      //60%电量
 203   1                      
 204   1              bt_volt_40  = (10.80/31.04)*819.2;                      //40%电量
 205   1                      
 206   1              bt_volt_20  = (10.30/31.04)*819.2;                      //20%电量
 207   1                      
 208   1              bt_volt_00  = (9.00/31.04)*819.2;                       //0%电量
 209   1                      
 210   1                      
 211   1              dianchi_guoya_baohu = (12.35/31.04)*819.2;      //100%  电池过压保护点
 212   1              
 213   1              dianchi_guoya_huifu = (12.15/31.04)*819.2;              //95%   电池过压恢复点
 214   1                      
 215   1              dianchi_qianya_baohu = (9.00/31.04)*819.2;              //0%    电池欠压保护点
 216   1                      
 217   1              dianchi_qianya_huifu = (9.50/31.04)*819.2;              //15%   电池欠压恢复点           
 218   1                      
 219   1              dianchi_cv_level = (12.25/31.04)*819.2;                 //12.15时 进入恒压充电方式
 220   1                      
 221   1              charge_i_limit = ((12.00*15.0)/1000)*819.2;             //充电电流限定值
 222   1                      
 223   1              shuchu_shortout_voltage = (7.50/61)*819.2;          //输出短路电压
 224   1                      
 225   1              shuchu_open_voltage = (61.00/61)*819.2;             //输出开路电压
 226   1                      
 227   1              discharge_i_baohu = ((4.50*150)/1000)*819.2;                    //放电电流保护点  过流保护  4.5A
 228   1                      
 229   1              discharge_i_limit = ((4.00*150)/1000)*819.2;                    //放电电流限定值 4.0A
 230   1                      
 231   1              light_on_pv_level =  (5.0/61)*819.2;                    //亮灯光伏电压门限值 5V
 232   1                      
 233   1              light_off_pv_level = (8.0/61)*819.2;                    //关灯光伏电压门限值 10V
 234   1                      
 235   1              Load_Pmax=42.00;
 236   1                              
 237   1      
 238   1      }
C51 COMPILER V9.01   IRD_REMOTE                                                            03/26/2019 10:13:38 PAGE 5   

 239          
 240          
 241          
 242          
 243          /**********************************************************************
 244          *函数名称：Init_Ird
 245          *描述：初始化红外接收端口 
 246          *返回类型：void
 247          *输入形参：void
 248          ***********************************************************************/
 249          void Init_Ird(void)
 250          {
 251   1              P12_Input_Mode;                         //P1.2
 252   1              Enable_INT_Port1;                       //管脚中断通道2 端口01--P1.2
 253   1              Enable_BIT2_FallEdge_Trig;  //P1.2   IRD_IN  红外遥控器
 254   1              clr_PIF2;
 255   1      }
 256          
 257          
 258          //0x4ECA807F   其中4ECA为用户码 也可区分遥控器设备码 MAC 白色遥控器
 259          //0x00FF807F   其中00FF为用户码 也可区分遥控器设备码 MAC 黑色遥控器
 260          //0x10ED807F   其中10ED为用户码 也可区分遥控器设备码 MAC 此版本
 261          
 262          void Key_Menu(unsigned long key_value)
 263          {
 264   1          unsigned char usr_code;
 265   1          
 266   1          unsigned int  remote_mac;
 267   1          
 268   1          usr_code=(unsigned char)(key_value>>8);
 269   1                                                                                  
 270   1          remote_mac=key_value>>16;                   //0x10ED  设备码
 271   1          
 272   1          if(remote_mac!=ZH_MAC)                      
 273   1          {
 274   2              //return;
 275   2          }
 276   1              
 277   1              
 278   1          switch(usr_code)
 279   1          {
 280   2              case HAN_MODE:
 281   2                                      nop();
 282   2                              break;  
 283   2              case STA_MODE://---------------------------------------------------标准模式(夜间常亮)   
 284   2                                              
 285   2                              light_mode =0x00;
 286   2                              Write_DATAFLASH_BYTE(0x4001,light_mode); 
 287   2                              led_out_ctrl=0x00;
 288   2                                      Write_DATAFLASH_BYTE(0x4002,led_out_ctrl);                                                                                                      
 289   2                                      nop_index=0x00;
 290   2                                      discharge_index=0x00;                                                                                   
 291   2                                      charge_index=0x00;      
 292   2                                                              
 293   2                              CHARGE_OFF;                                                             
 294   2                              
 295   2                                      Disable_Bost_Pwm();
 296   2                                      LOAD_OUT_DISABLE;
 297   2                                      Set_Bost_Pwm_Duty(0);                                                                                                                                           
 298   2                                      LOAD_OUT_ENABLE;
 299   2                                                                                                                                                                                                                                                                                                      
 300   2                                      Enable_Bost_Pwm();                                                                                              
C51 COMPILER V9.01   IRD_REMOTE                                                            03/26/2019 10:13:38 PAGE 6   

 301   2                                                                                                                                                              
 302   2                                      Set_Bost_Pwm_Duty(25);                                                                                                                                          
 303   2                                      delay_ms(1000);
 304   2                                                                      
 305   2                                      Set_Bost_Pwm_Duty(0);
 306   2              
 307   2                                      Disable_Bost_Pwm();
 308   2                                      LOAD_OUT_DISABLE;
 309   2                                      Set_Bost_Pwm_Duty(0);                                                                   
 310   2                                                              
 311   2                                      pv_voltage_status=0x00;  //空闲状态
 312   2                                                                      
 313   2                                      day_time_count=0x00;
 314   2                                                              
 315   2                      night_time_count=0x00;
 316   2                                                              
 317   2                                      pv_time_count=0x00;
 318   2                                              
 319   2                              break;  
 320   2              case IRD_MODE://---------------------------------------------------人体感应模式(夜间有人亮灯)
 321   2                                              
 322   2                                              
 323   2                              light_mode =0x01;
 324   2                              Write_DATAFLASH_BYTE(0x4001,light_mode); 
 325   2                              led_out_ctrl=0x00;
 326   2                                      Write_DATAFLASH_BYTE(0x4002,led_out_ctrl);
 327   2                                                      
 328   2                                                              
 329   2                                      nop_index=0x00;
 330   2                                      discharge_index=0x00;                                                                                   
 331   2                                      charge_index=0x00;
 332   2                                                              
 333   2                              CHARGE_OFF;                                                             
 334   2                              
 335   2                                      Disable_Bost_Pwm();
 336   2                                      LOAD_OUT_DISABLE;
 337   2                                      Set_Bost_Pwm_Duty(0);
 338   2                                                              
 339   2                                                                                                              
 340   2                                      LOAD_OUT_ENABLE;                                                                                                                                                                                                                                                                                        
 341   2                                      Enable_Bost_Pwm();                                                                                                                                                                                                                                              
 342   2                                      Set_Bost_Pwm_Duty(25);                                                                                                                                          
 343   2                                      delay_ms(1000);
 344   2                                                                      
 345   2                                      Set_Bost_Pwm_Duty(0);
 346   2              
 347   2                                      Disable_Bost_Pwm();
 348   2                                      LOAD_OUT_DISABLE;                                                                                                       
 349   2                                      Set_Bost_Pwm_Duty(0);                           
 350   2                                      pv_voltage_status=0x00;  //空闲状态
 351   2                                                                      
 352   2                                      day_time_count=0x00;
 353   2                                                              
 354   2                      night_time_count=0x00;
 355   2                                                              
 356   2                                      pv_time_count=0x00;
 357   2                                              
 358   2                              break;  
 359   2              case AUT_MODE://--------------------------------------------------智能模式
 360   2                                                                                      
 361   2                              light_mode =0x02;
 362   2                              Write_DATAFLASH_BYTE(0x4001,light_mode);  
C51 COMPILER V9.01   IRD_REMOTE                                                            03/26/2019 10:13:38 PAGE 7   

 363   2                              led_out_ctrl=0x00;
 364   2                                      Write_DATAFLASH_BYTE(0x4002,led_out_ctrl);                      
 365   2                                                              
 366   2                                      nop_index=0x00;
 367   2                                      discharge_index=0x00;                                                                                   
 368   2                                      charge_index=0x00;
 369   2                                                              
 370   2                              CHARGE_OFF;                                                             
 371   2                              
 372   2                                      Disable_Bost_Pwm();
 373   2                                      LOAD_OUT_DISABLE;
 374   2                                      Set_Bost_Pwm_Duty(0);
 375   2                                                                                                                                                              
 376   2                                      LOAD_OUT_ENABLE;
 377   2                                                                                                                                                                                                                                                                                                      
 378   2                                      Enable_Bost_Pwm();                                                                                              
 379   2                                                                                                                                                              
 380   2                                      Set_Bost_Pwm_Duty(25);                                          
 381   2                                                                                                              
 382   2                                      delay_ms(1000);
 383   2                                                                      
 384   2                                      Set_Bost_Pwm_Duty(0);
 385   2              
 386   2                                      Disable_Bost_Pwm();
 387   2                                      LOAD_OUT_DISABLE;                                                                                                       
 388   2                                      Set_Bost_Pwm_Duty(0);                           
 389   2                                      pv_voltage_status=0x00;  //空闲状态
 390   2                                                                      
 391   2                                      day_time_count=0x00;
 392   2                                                                      
 393   2                                      night_time_count=0x00;
 394   2                                                                      
 395   2                                      pv_time_count=0x00;
 396   2                                              
 397   2                      break; 
 398   2              case ONF_MODE://-----------------------------------------------手动开关灯模式
 399   2                                              
 400   2                                              
 401   2                              led_out_ctrl=led_out_ctrl+1;
 402   2                                                      
 403   2                              led_out_ctrl=led_out_ctrl%2;
 404   2      
 405   2                                      //Write_DATAFLASH_BYTE(0x4001,light_mode);
 406   2                                                      
 407   2                              Write_DATAFLASH_BYTE(0x4002,led_out_ctrl);
 408   2                                              
 409   2                              if(led_out_ctrl==0x00 )
 410   2                              {                                                                                                               
 411   3                              nop_index=0x00;
 412   3                          discharge_index=0x00;                                                                                       
 413   3                          charge_index=0x00;  
 414   3                                                              
 415   3                              CHARGE_OFF;                                                             
 416   3                                      
 417   3                              Disable_Bost_Pwm();
 418   3                          LOAD_OUT_DISABLE;
 419   3                          Set_Bost_Pwm_Duty(0);
 420   3                                                                                                                                      
 421   3                          LOAD_OUT_ENABLE;
 422   3                                                                                                                                                                                                                                                                              
 423   3                          Enable_Bost_Pwm();                                                                                          
 424   3                                                                                                                                      
C51 COMPILER V9.01   IRD_REMOTE                                                            03/26/2019 10:13:38 PAGE 8   

 425   3                          Set_Bost_Pwm_Duty(25);                                              
 426   3                                                                                      
 427   3                          delay_ms(1000);
 428   3                                              
 429   3                          Set_Bost_Pwm_Duty(0);
 430   3      
 431   3                          Disable_Bost_Pwm();
 432   3                          LOAD_OUT_DISABLE;
 433   3                                              Set_Bost_Pwm_Duty(0);                                                           
 434   3                                              
 435   3                          pv_voltage_status=0x00;  //空闲状态
 436   3                                              
 437   3                          day_time_count=0x00;
 438   3                                              
 439   3                          night_time_count=0x00;
 440   3                                              
 441   3                          pv_time_count=0x00;
 442   3                              }
 443   2                      else if(led_out_ctrl==0x01 )
 444   2                              {                                                                                                       
 445   3                          nop_index=0x00;
 446   3                          discharge_index=0x00;                                                                                       
 447   3                          charge_index=0x00;
 448   3                                              
 449   3                         CHARGE_OFF;                                                          
 450   3                                                              
 451   3                          Disable_Bost_Pwm();
 452   3                          //LOAD_OUT_DISABLE;
 453   3                          Set_Bost_Pwm_Duty(0);
 454   3                          delay_ms(200);
 455   3                          LOAD_OUT_ENABLE;                                                                                                                                                                                                                                                                    
 456   3                          Enable_Bost_Pwm();                                                                                                                                  
 457   3                                                                      
 458   3                          Set_Bost_Pwm_Duty(35);
 459   3                                      
 460   3                          delay_ms(500);
 461   3                                                                      
 462   3                          Set_Bost_Pwm_Duty(0);
 463   3                                                      
 464   3                          delay_ms(500);
 465   3                                                                      
 466   3                          Set_Bost_Pwm_Duty(35);
 467   3                                                                      
 468   3                          delay_ms(500);
 469   3                                                                      
 470   3                          Set_Bost_Pwm_Duty(0);
 471   3                                                                      
 472   3                          delay_ms(500);
 473   3                                                                      
 474   3                          Set_Bost_Pwm_Duty(35);
 475   3                                                                      
 476   3                          delay_ms(500);
 477   3                                                                      
 478   3                          Set_Bost_Pwm_Duty(0);       
 479   3                          Disable_Bost_Pwm();
 480   3                          LOAD_OUT_DISABLE;
 481   3                                              Set_Bost_Pwm_Duty(0);
 482   3                                              delay_ms(500);
 483   3                                              
 484   3                          pv_voltage_status=0x00;  //空闲状态
 485   3                                              
 486   3                          day_time_count=0x00;
C51 COMPILER V9.01   IRD_REMOTE                                                            03/26/2019 10:13:38 PAGE 9   

 487   3                                              
 488   3                          night_time_count=0x00;
 489   3                                              
 490   3                          pv_time_count=0x00;
 491   3                              }
 492   2                              break;  
 493   2              default:break;
 494   2          }
 495   1              
 496   1      } 


MODULE INFORMATION:   STATIC OVERLAYABLE
   CODE SIZE        =   1004    ----
   CONSTANT SIZE    =   ----    ----
   XDATA SIZE       =    247      10
   PDATA SIZE       =   ----    ----
   DATA SIZE        =   ----    ----
   IDATA SIZE       =   ----    ----
   BIT SIZE         =   ----    ----
END OF MODULE INFORMATION.


C51 COMPILATION COMPLETE.  0 WARNING(S),  0 ERROR(S)
