C51 COMPILER V9.01   LED                                                                   03/26/2019 10:13:39 PAGE 1   


C51 COMPILER V9.01, COMPILATION OF MODULE LED
OBJECT MODULE PLACED IN ..\User\obj\led.obj
COMPILER INVOKED BY: C:\Keil\C51\BIN\C51.EXE ..\User\src\led.c LARGE BROWSE INCDIR(..\FwLib\Include;..\User\inc) DEFINE(
                    -FOSC_160000) DEBUG OBJECTEXTEND PRINT(.\led.lst) OBJECT(..\User\obj\led.obj)

line level    source

   1          
   2          //**--------------头文件-------------------------------------------------------
   3          #include "N76E003.h"
   4          #include "SFR_Macro.h"
   5          #include "Function_define.h"
   6          #include "Common.h"
   7          #include "stdio.h"
   8          #include "string.h"
   9          
  10          
  11          #include "userdefine.h"
  12          
  13          //**--------------全局变量-----------------------------------------------------
  14          
  15          //**--------------函数申明-----------------------------------------------------
  16          
  17          //**--------------函数定义-----------------------------------------------------
  18          
  19          
  20          
  21          
  22          
  23          
  24          
  25          /**********************************************************************
  26          *函数名称：init_led
  27          *描述：指示灯初始化
  28          *返回类型：void
  29          *输入形参：void
  30          ***********************************************************************/
  31          void init_led(void)
  32          {
  33   1      
  34   1      }


MODULE INFORMATION:   STATIC OVERLAYABLE
   CODE SIZE        =      1    ----
   CONSTANT SIZE    =   ----    ----
   XDATA SIZE       =   ----    ----
   PDATA SIZE       =   ----    ----
   DATA SIZE        =   ----    ----
   IDATA SIZE       =   ----    ----
   BIT SIZE         =   ----    ----
END OF MODULE INFORMATION.


C51 COMPILATION COMPLETE.  0 WARNING(S),  0 ERROR(S)
