C51 COMPILER V9.01   TIMER                                                                 03/26/2019 10:13:41 PAGE 1   


C51 COMPILER V9.01, COMPILATION OF MODULE TIMER
OBJECT MODULE PLACED IN ..\User\obj\timer.obj
COMPILER INVOKED BY: C:\Keil\C51\BIN\C51.EXE ..\User\src\timer.c LARGE BROWSE INCDIR(..\FwLib\Include;..\User\inc) DEFIN
                    -E(FOSC_160000) DEBUG OBJECTEXTEND PRINT(.\timer.lst) OBJECT(..\User\obj\timer.obj)

line level    source

   1          
   2          
   3          //**--------------头文件-------------------------------------------------------
   4          #include "N76E003.h"
   5          #include "SFR_Macro.h"
   6          #include "Function_define.h"
   7          #include "Common.h"
   8          #include "stdio.h"
   9          #include "string.h"
  10          
  11          
  12          #include "userdefine.h"
  13          
  14          
  15          /**********************************************************************
  16          *函数名称：init_timer1
  17          *描述：红外接收 定时器
  18          *返回类型：void
  19          *输入形参：void
  20          ***********************************************************************/
  21          void Init_Time1_IRD(void)
  22          {  
  23   1        TIMER1_MODE1_ENABLE;  //TIMER1 模式1 16位定时器
  24   1        clr_T1M;                              //系统时钟1/12 分频 16M/12
  25   1        clr_TF1;                              //清标志
  26   1      
  27   1        clr_TR1;                              //停止计数之后再读/写定时器1-----！！！
  28   1        TL1=0x00;
  29   1        TH1=0x00;   
  30   1      }
  31          
  32          /**********************************************************************
  33          *函数名称：init_timer3
  34          *描述：TIME4初始化 系统时基 定时1ms
  35          *返回类型：void
  36          *输入形参：void
  37          ***********************************************************************/
  38          void init_timer3(void) 
  39          {
  40   1          /**********TIME3系统时基定时器*************/
  41   1          
  42   1         //预分频 64  自动重装载值 250 :250*64/16=1000us=1ms 
  43   1         clr_TR3;                                                                        //!!!!!
  44   1         RH3 = 0xff;//RELOAD_VALUE_H;                       //initial counter values 
  45   1         RL3 = 0x06;//RELOAD_VALUE_L;  
  46   1           
  47   1         T3CON &= 0xE0;
  48   1         T3CON |= 0x06;
  49   1         clr_TF3;                      //清除中断标志
  50   1         set_ET3;             //使能TIMER3 定时器中断
  51   1      
  52   1          
  53   1      }

C51 COMPILER V9.01   TIMER                                                                 03/26/2019 10:13:41 PAGE 2   


MODULE INFORMATION:   STATIC OVERLAYABLE
   CODE SIZE        =     41    ----
   CONSTANT SIZE    =   ----    ----
   XDATA SIZE       =   ----    ----
   PDATA SIZE       =   ----    ----
   DATA SIZE        =   ----    ----
   IDATA SIZE       =   ----    ----
   BIT SIZE         =   ----    ----
END OF MODULE INFORMATION.


C51 COMPILATION COMPLETE.  0 WARNING(S),  0 ERROR(S)
